<?xml version="1.0" encoding="UTF-8"?>
<!-- Generated by org.testng.reporters.JUnitXMLReporter -->
<testsuite ignored="0" hostname="CISPL-IO-199.local" failures="0" tests="7" name="Test1" time="29.803" errors="0" timestamp="2024-07-02T12:35:57 IST">
  <testcase classname="Test.BaseTest" name="signUpTest" time="6.24"/>
  <testcase classname="Test.BaseTest" name="loginTest" time="4.143"/>
  <testcase classname="Test.BaseTest" name="selectProductAndAddToCartTest" time="14.082"/>
  <testcase classname="Test.BaseTest" name="VerifyCartProducts" time="3.819"/>
  <testcase classname="Test.BaseTest" name="PurchaseWithoutFillingTheForm" time="0.608"/>
  <testcase classname="Test.BaseTest" name="PurchaseAfterFillingTheForm" time="0.601"/>
  <testcase classname="Test.BaseTest" name="VerifyOrderDetails" time="0.025"/>
</testsuite> <!-- Test1 -->
