<?xml version="1.0" encoding="UTF-8"?>
<!-- Generated by org.testng.reporters.JUnitXMLReporter -->
<testsuite ignored="0" hostname="CISPL-IO-199.local" failures="0" tests="7" name="Test1" time="31.044" errors="0" timestamp="2024-04-12T14:58:05 IST">
  <testcase classname="Test.BaseTest" name="signUpTest" time="5.139"/>
  <testcase classname="Test.BaseTest" name="loginTest" time="3.968"/>
  <testcase classname="Test.BaseTest" name="selectProductAndAddToCartTest" time="16.334"/>
  <testcase classname="Test.BaseTest" name="VerifyCartProducts" time="4.255"/>
  <testcase classname="Test.BaseTest" name="PurchaseWithoutFillingTheForm" time="0.608"/>
  <testcase classname="Test.BaseTest" name="PurchaseAfterFillingTheForm" time="0.595"/>
  <testcase classname="Test.BaseTest" name="VerifyOrderDetails" time="0.082"/>
</testsuite> <!-- Test1 -->
