<?xml version="1.0" encoding="UTF-8"?>
<!-- Generated by org.testng.reporters.JUnitXMLReporter -->
<testsuite ignored="0" hostname="CISPL-IO-199.local" failures="0" tests="4" name="Test" time="23.428" errors="0" timestamp="2024-03-15T16:32:25 IST">
  <testcase classname="Test.BaseTest" name="signUpTest" time="3.134"/>
  <testcase classname="Test.BaseTest" name="loginTest" time="3.873"/>
  <testcase classname="Test.BaseTest" name="selectProductAndAddToCartTest" time="13.595"/>
  <testcase classname="Test.BaseTest" name="VerifyCartProducts" time="2.792"/>
</testsuite> <!-- Test -->
