<?xml version="1.0" encoding="UTF-8"?>
<!-- Generated by org.testng.reporters.JUnitXMLReporter -->
<testsuite ignored="0" hostname="CISPL-IO-199.local" failures="0" tests="4" name="Test" time="24.853" errors="0" timestamp="2024-03-15T16:49:46 IST">
  <testcase classname="Test.BaseTest" name="signUpTest" time="4.911"/>
  <testcase classname="Test.BaseTest" name="loginTest" time="3.885"/>
  <testcase classname="Test.BaseTest" name="selectProductAndAddToCartTest" time="13.268"/>
  <testcase classname="Test.BaseTest" name="VerifyCartProducts" time="2.747"/>
</testsuite> <!-- Test -->
