<?xml version="1.0" encoding="UTF-8"?>
<testng-results ignored="0" total="4" passed="4" failed="0" skipped="0">
  <reporter-output>
  </reporter-output>
  <suite started-at="2024-03-15T16:49:16 IST" name="Suite" finished-at="2024-03-15T16:49:41 IST" duration-ms="24853">
    <groups>
    </groups>
    <test started-at="2024-03-15T16:49:16 IST" name="Test" finished-at="2024-03-15T16:49:41 IST" duration-ms="24853">
      <class name="Test.BaseTest">
        <test-method signature="signUpTest()[pri:1, instance:Test.BaseTest@200606de]" started-at="2024-03-15T16:49:16 IST" name="signUpTest" finished-at="2024-03-15T16:49:21 IST" duration-ms="4911" status="PASS">
          <reporter-output>
          </reporter-output>
        </test-method> <!-- signUpTest -->
        <test-method signature="loginTest()[pri:2, instance:Test.BaseTest@200606de]" started-at="2024-03-15T16:49:21 IST" name="loginTest" finished-at="2024-03-15T16:49:25 IST" duration-ms="3885" status="PASS">
          <reporter-output>
          </reporter-output>
        </test-method> <!-- loginTest -->
        <test-method signature="selectProductAndAddToCartTest()[pri:3, instance:Test.BaseTest@200606de]" started-at="2024-03-15T16:49:25 IST" name="selectProductAndAddToCartTest" finished-at="2024-03-15T16:49:38 IST" duration-ms="13268" status="PASS">
          <reporter-output>
          </reporter-output>
        </test-method> <!-- selectProductAndAddToCartTest -->
        <test-method signature="VerifyCartProducts()[pri:4, instance:Test.BaseTest@200606de]" started-at="2024-03-15T16:49:38 IST" name="VerifyCartProducts" finished-at="2024-03-15T16:49:41 IST" duration-ms="2747" status="PASS">
          <reporter-output>
          </reporter-output>
        </test-method> <!-- VerifyCartProducts -->
      </class> <!-- Test.BaseTest -->
    </test> <!-- Test -->
  </suite> <!-- Suite -->
</testng-results>
