<?xml version="1.0" encoding="UTF-8"?>
<testng-results ignored="0" total="7" passed="7" failed="0" skipped="0">
  <reporter-output>
  </reporter-output>
  <suite started-at="2024-07-02T12:35:22 IST" name="Suite" finished-at="2024-07-02T12:35:51 IST" duration-ms="29803">
    <groups>
    </groups>
    <test started-at="2024-07-02T12:35:22 IST" name="Test1" finished-at="2024-07-02T12:35:51 IST" duration-ms="29803">
      <class name="Test.BaseTest">
        <test-method signature="signUpTest()[pri:1, instance:Test.BaseTest@13f9ad9]" started-at="2024-07-02T12:35:22 IST" name="signUpTest" finished-at="2024-07-02T12:35:28 IST" duration-ms="6240" status="PASS">
          <reporter-output>
          </reporter-output>
        </test-method> <!-- signUpTest -->
        <test-method signature="loginTest()[pri:2, instance:Test.BaseTest@13f9ad9]" started-at="2024-07-02T12:35:28 IST" name="loginTest" finished-at="2024-07-02T12:35:32 IST" duration-ms="4143" status="PASS">
          <reporter-output>
          </reporter-output>
        </test-method> <!-- loginTest -->
        <test-method signature="selectProductAndAddToCartTest()[pri:3, instance:Test.BaseTest@13f9ad9]" started-at="2024-07-02T12:35:32 IST" name="selectProductAndAddToCartTest" finished-at="2024-07-02T12:35:46 IST" duration-ms="14082" status="PASS">
          <reporter-output>
          </reporter-output>
        </test-method> <!-- selectProductAndAddToCartTest -->
        <test-method signature="VerifyCartProducts()[pri:4, instance:Test.BaseTest@13f9ad9]" started-at="2024-07-02T12:35:46 IST" name="VerifyCartProducts" finished-at="2024-07-02T12:35:50 IST" duration-ms="3819" status="PASS">
          <reporter-output>
          </reporter-output>
        </test-method> <!-- VerifyCartProducts -->
        <test-method signature="PurchaseWithoutFillingTheForm()[pri:5, instance:Test.BaseTest@13f9ad9]" started-at="2024-07-02T12:35:50 IST" name="PurchaseWithoutFillingTheForm" finished-at="2024-07-02T12:35:51 IST" duration-ms="608" status="PASS">
          <reporter-output>
          </reporter-output>
        </test-method> <!-- PurchaseWithoutFillingTheForm -->
        <test-method signature="PurchaseAfterFillingTheForm()[pri:6, instance:Test.BaseTest@13f9ad9]" started-at="2024-07-02T12:35:51 IST" name="PurchaseAfterFillingTheForm" finished-at="2024-07-02T12:35:51 IST" duration-ms="601" status="PASS">
          <reporter-output>
          </reporter-output>
        </test-method> <!-- PurchaseAfterFillingTheForm -->
        <test-method signature="VerifyOrderDetails()[pri:7, instance:Test.BaseTest@13f9ad9]" started-at="2024-07-02T12:35:51 IST" name="VerifyOrderDetails" finished-at="2024-07-02T12:35:51 IST" duration-ms="25" status="PASS">
          <reporter-output>
          </reporter-output>
        </test-method> <!-- VerifyOrderDetails -->
        <test-method is-config="true" signature="quitDriver()[pri:0, instance:Test.BaseTest@13f9ad9]" started-at="2024-07-02T12:35:51 IST" name="quitDriver" finished-at="2024-07-02T12:35:51 IST" duration-ms="229" status="PASS">
          <reporter-output>
          </reporter-output>
        </test-method> <!-- quitDriver -->
      </class> <!-- Test.BaseTest -->
    </test> <!-- Test1 -->
  </suite> <!-- Suite -->
</testng-results>
